<?xml version="1.0" encoding="UTF-8"?>
<!-- Generated by org.testng.reporters.JUnitReportReporter -->
<testsuite hostname="DESKTOP-LDCAS6F" failures="0" tests="2" name="TestSuite.Caterpillarhome" time="62.121" errors="0" timestamp="2022-12-13T11:36:15 CST" skipped="0">
  <testcase classname="TestSuite.Caterpillarhome" name="register" time="33.319"/>
  <system-out/>
  <testcase classname="TestSuite.Caterpillarhome" name="login" time="28.802"/>
  <system-out/>
</testsuite> <!-- TestSuite.Caterpillarhome -->
