<?xml version="1.0" encoding="UTF-8"?>
<!-- Generated by org.testng.reporters.JUnitReportReporter -->
<testsuite hostname="DESKTOP-LDCAS6F" failures="0" tests="1" name="TestSuite.OpenApplication" time="13.187" errors="0" timestamp="2022-12-12T14:27:04 CST" skipped="0">
  <testcase classname="TestSuite.OpenApplication" name="navigation" time="13.187"/>
  <system-out/>
</testsuite> <!-- TestSuite.OpenApplication -->
