<?xml version="1.0" encoding="UTF-8"?>
<!-- Generated by org.testng.reporters.JUnitReportReporter -->
<testsuite hostname="DESKTOP-LDCAS6F" failures="0" tests="1" name="TestSuite.Caterpillarhome" time="33.103" errors="0" timestamp="2022-12-12T14:27:04 CST" skipped="0">
  <testcase classname="TestSuite.Caterpillarhome" name="register" time="33.103"/>
  <system-out/>
</testsuite> <!-- TestSuite.Caterpillarhome -->
